This is pdfTeX, Version 3.14159265-2.6-1.40.19 (MiKTeX 2.9.6840 64-bit) (preloaded format=pdflatex 2019.5.12)  13 MAY 2019 15:46
entering extended mode
**"E:/Pablo Universidad/TFG/Memoria/ManualTeXiS.tex"
("E:/Pablo Universidad/TFG/Memoria/ManualTeXiS.tex"
LaTeX2e <2018-04-01> patch level 5
("C:\Users\pablo\AppData\Local\Programs\MiKTeX 2.9\tex\latex\base\book.cls"
Document Class: book 2014/09/29 v1.4h Standard LaTeX document class
("C:\Users\pablo\AppData\Local\Programs\MiKTeX 2.9\tex\latex\base\bk11.clo"
File: bk11.clo 2014/09/29 v1.4h Standard LaTeX file (size option)
)
\c@part=\count80
\c@chapter=\count81
\c@section=\count82
\c@subsection=\count83
\c@subsubsection=\count84
\c@paragraph=\count85
\c@subparagraph=\count86
\c@figure=\count87
\c@table=\count88
\abovecaptionskip=\skip41
\belowcaptionskip=\skip42
\bibindent=\dimen102
)
\@input{config.aux}
\openout2 = `config.aux'.

("E:/Pablo Universidad/TFG/Memoria\config.tex")
("E:/Pablo Universidad/TFG/Memoria\TeXiS/TeXiS.sty"
Package: TeXiS/TeXiS 

("C:\Users\pablo\AppData\Local\Programs\MiKTeX 2.9\tex\latex\tools\verbatim.sty
"
Package: verbatim 2014/10/28 v1.5q LaTeX2e package for verbatim enhancements
\every@verbatim=\toks14
\verbatim@line=\toks15
\verbatim@in@stream=\read1
)
\example@out=\write3

\@input{TeXiS/TeXiS_pream.aux}
\openout2 = `TeXiS/TeXiS_pream.aux'.

("E:/Pablo Universidad/TFG/Memoria\TeXiS/TeXiS_pream.tex"
("C:\Users\pablo\AppData\Local\Programs\MiKTeX 2.9\tex\latex\base\shortvrb.sty"
Package: shortvrb 2018/02/01 v2.1h Standard LaTeX documentation package (FMi)
) ("C:\Users\pablo\AppData\Local\Programs\MiKTeX 2.9\tex\latex\base\inputenc.st
y"
Package: inputenc 2018/04/06 v1.3b Input encoding file
\inpenc@prehook=\toks16
\inpenc@posthook=\toks17
 ("C:\Users\pablo\AppData\Local\Programs\MiKTeX 2.9\tex\latex\base\latin1.def"
File: latin1.def 2018/04/06 v1.3b Input encoding file
))
("C:\Users\pablo\AppData\Local\Programs\MiKTeX 2.9\tex\latex\natbib\natbib.sty"
Package: natbib 2010/09/13 8.31b (PWD, AO)
\bibhang=\skip43
\bibsep=\skip44
LaTeX Info: Redefining \cite on input line 694.
\c@NAT@ctr=\count89
) ("C:\Users\pablo\AppData\Local\Programs\MiKTeX 2.9\tex\generic\babel\babel.st
y"
Package: babel 2018/10/03 3.25 The Babel package

("C:\Users\pablo\AppData\Local\Programs\MiKTeX 2.9\tex\generic\babel\switch.def
"
File: switch.def 2018/10/03 3.25 Babel switching mechanism
)
*************************************
* Local config file bblopts.cfg used
*
("C:\Users\pablo\AppData\Local\Programs\MiKTeX 2.9\tex\latex\arabi\bblopts.cfg"
File: bblopts.cfg 2005/09/08 v0.1 add Arabic and Farsi to "declared" options of
 babel
)
("C:\Users\pablo\AppData\Local\Programs\MiKTeX 2.9\tex\latex\babel-spanish\span
ish.ldf"
Language: spanish.ldf 2016/03/03 v5.0p Spanish support from the babel system

("C:\Users\pablo\AppData\Local\Programs\MiKTeX 2.9\tex\generic\babel\babel.def"
File: babel.def 2018/10/03 3.25 Babel common definitions
\babel@savecnt=\count90
\U@D=\dimen103

("C:\Users\pablo\AppData\Local\Programs\MiKTeX 2.9\tex\generic\babel\txtbabel.d
ef")
\bbl@dirlevel=\count91
)
\es@quottoks=\toks18
\es@quotdepth=\count92
Package babel Info: Making " an active character on input line 561.
Package babel Info: Making . an active character on input line 662.
Package babel Info: Making < an active character on input line 707.
Package babel Info: Making > an active character on input line 707.
Package babel Info: Making ' an active character on input line 725.
)) ("C:\Users\pablo\AppData\Local\Programs\MiKTeX 2.9\tex\latex\url\url.sty"
\Urlmuskip=\muskip10
Package: url 2013/09/16  ver 3.4  Verb mode for urls, etc.
)
("C:\Users\pablo\AppData\Local\Programs\MiKTeX 2.9\tex\generic\oberdiek\ifpdf.s
ty"
Package: ifpdf 2018/09/07 v3.3 Provides the ifpdf switch
)
("C:\Users\pablo\AppData\Local\Programs\MiKTeX 2.9\tex\latex\hyperref\hyperref.
sty"
Package: hyperref 2018/09/30 v6.88a Hypertext links for LaTeX

("C:\Users\pablo\AppData\Local\Programs\MiKTeX 2.9\tex\generic\oberdiek\hobsub-
hyperref.sty"
Package: hobsub-hyperref 2016/05/16 v1.14 Bundle oberdiek, subset hyperref (HO)


("C:\Users\pablo\AppData\Local\Programs\MiKTeX 2.9\tex\generic\oberdiek\hobsub-
generic.sty"
Package: hobsub-generic 2016/05/16 v1.14 Bundle oberdiek, subset generic (HO)
Package: hobsub 2016/05/16 v1.14 Construct package bundles (HO)
Package: infwarerr 2016/05/16 v1.4 Providing info/warning/error messages (HO)
Package: ltxcmds 2016/05/16 v1.23 LaTeX kernel commands for general use (HO)
Package: ifluatex 2016/05/16 v1.4 Provides the ifluatex switch (HO)
Package ifluatex Info: LuaTeX not detected.
Package: ifvtex 2016/05/16 v1.6 Detect VTeX and its facilities (HO)
Package ifvtex Info: VTeX not detected.
Package: intcalc 2016/05/16 v1.2 Expandable calculations with integers (HO)
Package hobsub Info: Skipping package `ifpdf' (already loaded).
Package: etexcmds 2016/05/16 v1.6 Avoid name clashes with e-TeX commands (HO)
Package etexcmds Info: Could not find \expanded.
(etexcmds)             That can mean that you are not using pdfTeX 1.50 or
(etexcmds)             that some package has redefined \expanded.
(etexcmds)             In the latter case, load this package earlier.
Package: kvsetkeys 2016/05/16 v1.17 Key value parser (HO)
Package: kvdefinekeys 2016/05/16 v1.4 Define keys (HO)
Package: pdftexcmds 2018/09/10 v0.29 Utility functions of pdfTeX for LuaTeX (HO
)
Package pdftexcmds Info: LuaTeX not detected.
Package pdftexcmds Info: \pdf@primitive is available.
Package pdftexcmds Info: \pdf@ifprimitive is available.
Package pdftexcmds Info: \pdfdraftmode found.
Package: pdfescape 2016/05/16 v1.14 Implements pdfTeX's escape features (HO)
Package: bigintcalc 2016/05/16 v1.4 Expandable calculations on big integers (HO
)
Package: bitset 2016/05/16 v1.2 Handle bit-vector datatype (HO)
Package: uniquecounter 2016/05/16 v1.3 Provide unlimited unique counter (HO)
)
Package hobsub Info: Skipping package `hobsub' (already loaded).
Package: letltxmacro 2016/05/16 v1.5 Let assignment for LaTeX macros (HO)
Package: hopatch 2016/05/16 v1.3 Wrapper for package hooks (HO)
Package: xcolor-patch 2016/05/16 xcolor patch
Package: atveryend 2016/05/16 v1.9 Hooks at the very end of document (HO)
Package atveryend Info: \enddocument detected (standard20110627).
Package: atbegshi 2016/06/09 v1.18 At begin shipout hook (HO)
Package: refcount 2016/05/16 v3.5 Data extraction from label references (HO)
Package: hycolor 2016/05/16 v1.8 Color options for hyperref/bookmark (HO)
)
("C:\Users\pablo\AppData\Local\Programs\MiKTeX 2.9\tex\latex\graphics\keyval.st
y"
Package: keyval 2014/10/28 v1.15 key=value parser (DPC)
\KV@toks@=\toks19
)
("C:\Users\pablo\AppData\Local\Programs\MiKTeX 2.9\tex\generic\ifxetex\ifxetex.
sty"
Package: ifxetex 2010/09/12 v0.6 Provides ifxetex conditional
)
("C:\Users\pablo\AppData\Local\Programs\MiKTeX 2.9\tex\latex\oberdiek\auxhook.s
ty"
Package: auxhook 2016/05/16 v1.4 Hooks for auxiliary files (HO)
)
("C:\Users\pablo\AppData\Local\Programs\MiKTeX 2.9\tex\latex\oberdiek\kvoptions
.sty"
Package: kvoptions 2016/05/16 v3.12 Key value format for package options (HO)
)
\@linkdim=\dimen104
\Hy@linkcounter=\count93
\Hy@pagecounter=\count94

("C:\Users\pablo\AppData\Local\Programs\MiKTeX 2.9\tex\latex\hyperref\pd1enc.de
f"
File: pd1enc.def 2018/09/30 v6.88a Hyperref: PDFDocEncoding definition (HO)
Now handling font encoding PD1 ...
... no UTF-8 mapping file for font encoding PD1
)
\Hy@SavedSpaceFactor=\count95

("C:\Users\pablo\AppData\Local\Programs\MiKTeX 2.9\tex\latex\00miktex\hyperref.
cfg"
File: hyperref.cfg 2002/06/06 v1.2 hyperref configuration of TeXLive
)

Package hyperref Warning: Invalid value `0'
(hyperref)                for option `pdfborder'.
(hyperref)                Option setting is ignored on input line 4409.

Package hyperref Info: Option `colorlinks' set `true' on input line 4409.
Package hyperref Info: Option `hyperindex' set `true' on input line 4409.
Package hyperref Info: Option `pdfpagelabels' set `true' on input line 4409.
Package hyperref Info: Hyper figures OFF on input line 4535.
Package hyperref Info: Link nesting OFF on input line 4540.
Package hyperref Info: Hyper index ON on input line 4543.
Package hyperref Info: Plain pages OFF on input line 4550.
Package hyperref Info: Backreferencing OFF on input line 4555.
Package hyperref Info: Implicit mode ON; LaTeX internals redefined.
Package hyperref Info: Bookmarks ON on input line 4788.
\c@Hy@tempcnt=\count96
LaTeX Info: Redefining \url on input line 5141.
\XeTeXLinkMargin=\dimen105
\Fld@menulength=\count97
\Field@Width=\dimen106
\Fld@charsize=\dimen107
Package hyperref Info: Hyper figures OFF on input line 6396.
Package hyperref Info: Link nesting OFF on input line 6401.
Package hyperref Info: Hyper index ON on input line 6404.
Package hyperref Info: backreferencing OFF on input line 6411.
Package hyperref Info: Link coloring ON on input line 6414.
Package hyperref Info: Link coloring with OCG OFF on input line 6421.
Package hyperref Info: PDF/A mode OFF on input line 6426.
LaTeX Info: Redefining \ref on input line 6466.
LaTeX Info: Redefining \pageref on input line 6470.
\Hy@abspage=\count98
\c@Item=\count99
\c@Hfootnote=\count100
)
Package hyperref Info: Driver (autodetected): hpdftex.

("C:\Users\pablo\AppData\Local\Programs\MiKTeX 2.9\tex\latex\hyperref\hpdftex.d
ef"
File: hpdftex.def 2018/09/30 v6.88a Hyperref driver for pdfTeX
\Fld@listcount=\count101
\c@bookmark@seq@number=\count102

("C:\Users\pablo\AppData\Local\Programs\MiKTeX 2.9\tex\latex\oberdiek\rerunfile
check.sty"
Package: rerunfilecheck 2016/05/16 v1.8 Rerun checks for auxiliary files (HO)
Package uniquecounter Info: New unique counter `rerunfilecheck' on input line 2
82.
)
\Hy@SectionHShift=\skip45
)
Package hyperref Info: Option `colorlinks' set `false' on input line 268.

("C:\Users\pablo\AppData\Local\Programs\MiKTeX 2.9\tex\latex\base\makeidx.sty"
Package: makeidx 2014/09/29 v1.0m Standard LaTeX package
)
\@indexfile=\write4
\openout4 = `ManualTeXiS.idx'.

Writing index file ManualTeXiS.idx
("C:\Users\pablo\AppData\Local\Programs\MiKTeX 2.9\tex\latex\tools\multicol.sty
"
Package: multicol 2018/04/20 v1.8s multicolumn formatting (FMi)
\c@tracingmulticols=\count103
\mult@box=\box26
\multicol@leftmargin=\dimen108
\c@unbalance=\count104
\c@collectmore=\count105
\doublecol@number=\count106
\multicoltolerance=\count107
\multicolpretolerance=\count108
\full@width=\dimen109
\page@free=\dimen110
\premulticols=\dimen111
\postmulticols=\dimen112
\multicolsep=\skip46
\multicolbaselineskip=\skip47
\partial@page=\box27
\last@line=\box28
\maxbalancingoverflow=\dimen113
\mult@rightbox=\box29
\mult@grightbox=\box30
\mult@gfirstbox=\box31
\mult@firstbox=\box32
\@tempa=\box33
\@tempa=\box34
\@tempa=\box35
\@tempa=\box36
\@tempa=\box37
\@tempa=\box38
\@tempa=\box39
\@tempa=\box40
\@tempa=\box41
\@tempa=\box42
\@tempa=\box43
\@tempa=\box44
\@tempa=\box45
\@tempa=\box46
\@tempa=\box47
\@tempa=\box48
\@tempa=\box49
\c@columnbadness=\count109
\c@finalcolumnbadness=\count110
\last@try=\dimen114
\multicolovershoot=\dimen115
\multicolundershoot=\dimen116
\mult@nat@firstbox=\box50
\colbreak@box=\box51
\mc@col@check@num=\count111
)
("C:\Users\pablo\AppData\Local\Programs\MiKTeX 2.9\tex\latex\subfig\subfig.sty"
Package: subfig 2005/06/28 ver: 1.3 subfig package

("C:\Users\pablo\AppData\Local\Programs\MiKTeX 2.9\tex\latex\caption\caption.st
y"
Package: caption 2018/10/06 v3.3-154 Customizing captions (AR)

("C:\Users\pablo\AppData\Local\Programs\MiKTeX 2.9\tex\latex\caption\caption3.s
ty"
Package: caption3 2018/09/12 v1.8c caption3 kernel (AR)
Package caption3 Info: TeX engine: e-TeX on input line 64.
\captionmargin=\dimen117
\captionmargin@=\dimen118
\captionwidth=\dimen119
\caption@tempdima=\dimen120
\caption@indent=\dimen121
\caption@parindent=\dimen122
\caption@hangindent=\dimen123
)
\c@caption@flags=\count112
\c@ContinuedFloat=\count113
Package caption Info: hyperref package is loaded.
)
\c@KVtest=\count114
\sf@farskip=\skip48
\sf@captopadj=\dimen124
\sf@capskip=\skip49
\sf@nearskip=\skip50
\c@subfigure=\count115
\c@subfigure@save=\count116
\c@lofdepth=\count117
\c@subtable=\count118
\c@subtable@save=\count119
\c@lotdepth=\count120
\sf@top=\skip51
\sf@bottom=\skip52
)
\sf@box=\box52

("C:\Users\pablo\AppData\Local\Programs\MiKTeX 2.9\tex\latex\listings\listings.
sty"
\lst@mode=\count121
\lst@gtempboxa=\box53
\lst@token=\toks20
\lst@length=\count122
\lst@currlwidth=\dimen125
\lst@column=\count123
\lst@pos=\count124
\lst@lostspace=\dimen126
\lst@width=\dimen127
\lst@newlines=\count125
\lst@lineno=\count126
\lst@maxwidth=\dimen128

("C:\Users\pablo\AppData\Local\Programs\MiKTeX 2.9\tex\latex\listings\lstmisc.s
ty"
File: lstmisc.sty 2019/02/27 1.8b (Carsten Heinz)
\c@lstnumber=\count127
\lst@skipnumbers=\count128
\lst@framebox=\box54
)
("C:\Users\pablo\AppData\Local\Programs\MiKTeX 2.9\tex\latex\listings\listings.
cfg"
File: listings.cfg 2019/02/27 1.8b listings configuration
))
Package: listings 2019/02/27 1.8b (Carsten Heinz)

("C:\Users\pablo\AppData\Local\Programs\MiKTeX 2.9\tex\latex\tools\tabularx.sty
"
Package: tabularx 2016/02/03 v2.11b `tabularx' package (DPC)
 ("C:\Users\pablo\AppData\Local\Programs\MiKTeX 2.9\tex\latex\tools\array.sty"
Package: array 2018/04/30 v2.4h Tabular extension package (FMi)
\col@sep=\dimen129
\ar@mcellbox=\box55
\extrarowheight=\dimen130
\NC@list=\toks21
\extratabsurround=\skip53
\backup@length=\skip54
\ar@cellbox=\box56
)
\TX@col@width=\dimen131
\TX@old@table=\dimen132
\TX@old@col=\dimen133
\TX@target=\dimen134
\TX@delta=\dimen135
\TX@cols=\count129
\TX@ftn=\toks22
) ("C:\Users\pablo\AppData\Local\Programs\MiKTeX 2.9\tex\latex\base\fontenc.sty
"
Package: fontenc 2017/04/05 v2.0i Standard LaTeX package
 ("C:\Users\pablo\AppData\Local\Programs\MiKTeX 2.9\tex\latex\base\t1enc.def"
File: t1enc.def 2017/04/05 v2.0i Standard LaTeX file
LaTeX Font Info:    Redeclaring font encoding T1 on input line 48.
))
("C:\Users\pablo\AppData\Local\Programs\MiKTeX 2.9\tex\latex\graphics\epsfig.st
y"
Package: epsfig 2017/06/25 v1.7b (e)psfig emulation (SPQR)

("C:\Users\pablo\AppData\Local\Programs\MiKTeX 2.9\tex\latex\graphics\graphicx.
sty"
Package: graphicx 2017/06/01 v1.1a Enhanced LaTeX Graphics (DPC,SPQR)

("C:\Users\pablo\AppData\Local\Programs\MiKTeX 2.9\tex\latex\graphics\graphics.
sty"
Package: graphics 2017/06/25 v1.2c Standard LaTeX Graphics (DPC,SPQR)

("C:\Users\pablo\AppData\Local\Programs\MiKTeX 2.9\tex\latex\graphics\trig.sty"
Package: trig 2016/01/03 v1.10 sin cos tan (DPC)
)
("C:\Users\pablo\AppData\Local\Programs\MiKTeX 2.9\tex\latex\graphics-cfg\graph
ics.cfg"
File: graphics.cfg 2016/06/04 v1.11 sample graphics configuration
)
Package graphics Info: Driver file: pdftex.def on input line 99.

("C:\Users\pablo\AppData\Local\Programs\MiKTeX 2.9\tex\latex\graphics-def\pdfte
x.def"
File: pdftex.def 2018/01/08 v1.0l Graphics/color driver for pdftex
))
\Gin@req@height=\dimen136
\Gin@req@width=\dimen137
)
\epsfxsize=\dimen138
\epsfysize=\dimen139
)
("C:\Users\pablo\AppData\Local\Programs\MiKTeX 2.9\tex\latex\tools\calc.sty"
Package: calc 2017/05/25 v4.3 Infix arithmetic (KKT,FJ)
\calc@Acount=\count130
\calc@Bcount=\count131
\calc@Adimen=\dimen140
\calc@Bdimen=\dimen141
\calc@Askip=\skip55
\calc@Bskip=\skip56
LaTeX Info: Redefining \setlength on input line 80.
LaTeX Info: Redefining \addtolength on input line 81.
\calc@Ccount=\count132
\calc@Cskip=\skip57
)
("C:\Users\pablo\AppData\Local\Programs\MiKTeX 2.9\tex\latex\titlesec\titlesec.
sty"
Package: titlesec 2016/03/21 v2.10.2 Sectioning titles
\ttl@box=\box57
\beforetitleunit=\skip58
\aftertitleunit=\skip59
\ttl@plus=\dimen142
\ttl@minus=\dimen143
\ttl@toksa=\toks23
\titlewidth=\dimen144
\titlewidthlast=\dimen145
\titlewidthfirst=\dimen146
))
\@input{TeXiS/TeXiS_cab.aux}
\openout2 = `TeXiS/TeXiS_cab.aux'.

("E:/Pablo Universidad/TFG/Memoria\TeXiS/TeXiS_cab.tex"
("C:\Users\pablo\AppData\Local\Programs\MiKTeX 2.9\tex\latex\fancyhdr\fancyhdr.
sty"
Package: fancyhdr 2019/01/31 v3.10 Extensive control of page headers and footer
s
\f@nch@headwidth=\skip60
\f@nch@O@elh=\skip61
\f@nch@O@erh=\skip62
\f@nch@O@olh=\skip63
\f@nch@O@orh=\skip64
\f@nch@O@elf=\skip65
\f@nch@O@erf=\skip66
\f@nch@O@olf=\skip67
\f@nch@O@orf=\skip68
))
\@input{TeXiS/TeXiS_cover.aux}
\openout2 = `TeXiS/TeXiS_cover.aux'.

("E:/Pablo Universidad/TFG/Memoria\TeXiS/TeXiS_cover.tex")
\@input{TeXiS/TeXiS_part.aux}
\openout2 = `TeXiS/TeXiS_part.aux'.

("E:/Pablo Universidad/TFG/Memoria\TeXiS/TeXiS_part.tex")
\@input{TeXiS/TeXiS_dedic.aux}
\openout2 = `TeXiS/TeXiS_dedic.aux'.

("E:/Pablo Universidad/TFG/Memoria\TeXiS/TeXiS_dedic.tex")
\@input{TeXiS/TeXiS_bib.aux}
\openout2 = `TeXiS/TeXiS_bib.aux'.

("E:/Pablo Universidad/TFG/Memoria\TeXiS/TeXiS_bib.tex"))
("C:\Users\pablo\AppData\Local\Programs\MiKTeX 2.9\tex\latex\wrapfig\wrapfig.st
y"
\wrapoverhang=\dimen147
\WF@size=\dimen148
\c@WF@wrappedlines=\count133
\WF@box=\box58
\WF@everypar=\toks24
Package: wrapfig 2003/01/31  v 3.6
)
\@input{constantes.aux}
\openout2 = `constantes.aux'.

("E:/Pablo Universidad/TFG/Memoria\constantes.tex")
Copyright Marco Antonio and Pedro Pablo Gomez Martin
No file ManualTeXiS.aux.
\openout1 = `ManualTeXiS.aux'.

LaTeX Font Info:    Checking defaults for OML/cmm/m/it on input line 135.
LaTeX Font Info:    ... okay on input line 135.
LaTeX Font Info:    Checking defaults for T1/cmr/m/n on input line 135.
LaTeX Font Info:    ... okay on input line 135.
LaTeX Font Info:    Checking defaults for OT1/cmr/m/n on input line 135.
LaTeX Font Info:    ... okay on input line 135.
LaTeX Font Info:    Checking defaults for OMS/cmsy/m/n on input line 135.
LaTeX Font Info:    ... okay on input line 135.
LaTeX Font Info:    Checking defaults for OMX/cmex/m/n on input line 135.
LaTeX Font Info:    ... okay on input line 135.
LaTeX Font Info:    Checking defaults for U/cmr/m/n on input line 135.
LaTeX Font Info:    ... okay on input line 135.
LaTeX Font Info:    Checking defaults for PD1/pdf/m/n on input line 135.
LaTeX Font Info:    ... okay on input line 135.
LaTeX Info: Redefining \. on input line 135.
LaTeX Info: Redefining \% on input line 135.
\AtBeginShipoutBox=\box59
Package hyperref Info: Link coloring OFF on input line 135.

("C:\Users\pablo\AppData\Local\Programs\MiKTeX 2.9\tex\latex\hyperref\nameref.s
ty"
Package: nameref 2016/05/21 v2.44 Cross-referencing by name of section

("C:\Users\pablo\AppData\Local\Programs\MiKTeX 2.9\tex\generic\oberdiek\gettitl
estring.sty"
Package: gettitlestring 2016/05/16 v1.5 Cleanup title references (HO)
)
\c@section@level=\count134
)
LaTeX Info: Redefining \ref on input line 135.
LaTeX Info: Redefining \pageref on input line 135.
LaTeX Info: Redefining \nameref on input line 135.
\@outlinefile=\write5
\openout5 = `ManualTeXiS.out'.

Package caption Info: Begin \AtBeginDocument code.
Package caption Info: subfig package v1.3 is loaded.
Package caption Info: listings package is loaded.
Package caption Info: wrapfig package is loaded.
Package caption Info: End \AtBeginDocument code.
\c@lstlisting=\count135

("C:\Users\pablo\AppData\Local\Programs\MiKTeX 2.9\tex\context\base\mkii\supp-p
df.mkii"
[Loading MPS to PDF converter (version 2006.09.02).]
\scratchcounter=\count136
\scratchdimen=\dimen149
\scratchbox=\box60
\nofMPsegments=\count137
\nofMParguments=\count138
\everyMPshowfont=\toks25
\MPscratchCnt=\count139
\MPscratchDim=\dimen150
\MPnumerator=\count140
\makeMPintoPDFobject=\count141
\everyMPtoPDFconversion=\toks26
)
("C:\Users\pablo\AppData\Local\Programs\MiKTeX 2.9\tex\latex\oberdiek\epstopdf-
base.sty"
Package: epstopdf-base 2016/05/15 v2.6 Base part for package epstopdf

("C:\Users\pablo\AppData\Local\Programs\MiKTeX 2.9\tex\latex\oberdiek\grfext.st
y"
Package: grfext 2016/05/16 v1.2 Manage graphics extensions (HO)
)
Package epstopdf-base Info: Redefining graphics rule for `.eps' on input line 4
38.
Package grfext Info: Graphics extension search list:
(grfext)             [.pdf,.png,.jpg,.mps,.jpeg,.jbig2,.jb2,.PDF,.PNG,.JPG,.JPE
G,.JBIG2,.JB2,.eps]
(grfext)             \AppendGraphicsExtensions on input line 456.
) ("E:/Pablo Universidad/TFG/Memoria\guionado.tex")
\openout2 = `Cascaras/cover.aux'.


("E:/Pablo Universidad/TFG/Memoria\Cascaras/cover.tex"
\cambioIzquierdo=\skip69
\cambioDerecho=\skip70
\margenPortada=\skip71
\evensidemarginOriginal=\skip72
\oddsidemarginOriginal=\skip73
\longTitulo=\skip74
<Imagenes/Vectorial/escudoUCM.pdf, id=3, 597.23125pt x 844.15375pt>
File: Imagenes/Vectorial/escudoUCM.pdf Graphic file (type pdf)
<use Imagenes/Vectorial/escudoUCM.pdf>
Package pdftex.def Info: Imagenes/Vectorial/escudoUCM.pdf  used on input line 1
61.
(pdftex.def)             Requested size: 119.44412pt x 168.82776pt.
 [1



















{C:/Users/pablo/AppData/Local/MiKTeX/2.9/pdftex/config/pdftex.map} <E:/Pablo Un
iversidad/TFG/Memoria/Imagenes/Vectorial/escudoUCM.pdf>] [2] [3]
LaTeX Font Info:    Try loading font information for OMS+cmr on input line 161.


("C:\Users\pablo\AppData\Local\Programs\MiKTeX 2.9\tex\latex\base\omscmr.fd"
File: omscmr.fd 2014/09/29 v2.5h Standard LaTeX font definitions
)
LaTeX Font Info:    Font shape `OMS/cmr/m/n' in size <10.95> not available
(Font)              Font shape `OMS/cmsy/m/n' tried instead on input line 161.
)
[4]
\openout2 = `Cascaras/dedicatoria.aux'.

 ("E:/Pablo Universidad/TFG/Memoria\Cascaras/dedicatoria.tex" [5


] [6]
[7] [8])
\openout2 = `Cascaras/agradecimientos.aux'.

 ("E:/Pablo Universidad/TFG/Memoria\Cascaras/agradecimientos.tex"
LaTeX Font Info:    External font `cmex10' loaded for size
(Font)              <10.95> on input line 58.
LaTeX Font Info:    External font `cmex10' loaded for size
(Font)              <8> on input line 58.
LaTeX Font Info:    External font `cmex10' loaded for size
(Font)              <6> on input line 58.
LaTeX Font Info:    Try loading font information for T1+cmtt on input line 77.

("C:\Users\pablo\AppData\Local\Programs\MiKTeX 2.9\tex\latex\base\t1cmtt.fd"
File: t1cmtt.fd 2014/09/29 v2.5h Standard LaTeX font definitions
)
[9



]) [10]
\openout2 = `Cascaras/resumenManual.aux'.

 ("E:/Pablo Universidad/TFG/Memoria\Cascaras/resumenManual.tex"
LaTeX Font Info:    External font `cmex10' loaded for size
(Font)              <9> on input line 72.
LaTeX Font Info:    External font `cmex10' loaded for size
(Font)              <5> on input line 72.

[11



]
<Imagenes/Bitmap/GPLv3-logo-red.png, id=77, 256.157pt x 104.39pt>
File: Imagenes/Bitmap/GPLv3-logo-red.png Graphic file (type png)
<use Imagenes/Bitmap/GPLv3-logo-red.png>
Package pdftex.def Info: Imagenes/Bitmap/GPLv3-logo-red.png  used on input line
 106.
(pdftex.def)             Requested size: 85.35826pt x 34.78488pt.
<Imagenes/Vectorial/by-sa.pdf, id=79, 121.45375pt x 43.16125pt>
File: Imagenes/Vectorial/by-sa.pdf Graphic file (type pdf)
<use Imagenes/Vectorial/by-sa.pdf>
Package pdftex.def Info: Imagenes/Vectorial/by-sa.pdf  used on input line 110.
(pdftex.def)             Requested size: 85.35826pt x 30.33383pt.
) [12 <E:/Pablo Universidad/TFG/Memoria/Imagenes/Bitmap/GPLv3-logo-red.png> <E:
/Pablo Universidad/TFG/Memoria/Imagenes/Vectorial/by-sa.pdf>]
\openout2 = `TeXiS/TeXiS_toc.aux'.


("E:/Pablo Universidad/TFG/Memoria\TeXiS/TeXiS_toc.tex"
\tf@toc=\write6
\openout6 = `ManualTeXiS.toc'.

 [13



] [14

]
\tf@lof=\write7
\openout7 = `ManualTeXiS.lof'.

 [15] [16

]
\tf@lot=\write8
\openout8 = `ManualTeXiS.lot'.


[17]) [18


]
\openout2 = `Capitulos/01Introduccion.aux'.

 ("E:/Pablo Universidad/TFG/Memoria\Capitulos/01Introduccion.tex"
Cap\'itulo 1.
[1


]

LaTeX Warning: Reference `cap2' on page 2 undefined on input line 103.


LaTeX Warning: Reference `cap3' on page 2 undefined on input line 105.


LaTeX Warning: Reference `cap4' on page 2 undefined on input line 107.


LaTeX Warning: Reference `cap5' on page 2 undefined on input line 109.


LaTeX Warning: Reference `cap6' on page 2 undefined on input line 111.

)
LaTeX Info: Redefining \. on input line 164.
LaTeX Info: Redefining \% on input line 164.
 [2]
\openout2 = `Capitulos/02EstadoDelArte.aux'.

 ("E:/Pablo Universidad/TFG/Memoria\Capitulos/02EstadoDelArte.tex"
Cap\'itulo 2.
[3



]
<Imagenes/Bitmap/02/Unity_Logo.png, id=143, 1284.8pt x 466.74374pt>
File: Imagenes/Bitmap/02/Unity_Logo.png Graphic file (type png)
<use Imagenes/Bitmap/02/Unity_Logo.png>
Package pdftex.def Info: Imagenes/Bitmap/02/Unity_Logo.png  used on input line 
92.
(pdftex.def)             Requested size: 216.0022pt x 78.46938pt.
LaTeX Info: Redefining \. on input line 111.
LaTeX Info: Redefining \% on input line 111.
 [4 <E:/Pablo Universidad/TFG/Memoria/Imagenes/Bitmap/02/Unity_Logo.png>]
<Imagenes/Bitmap/02/Android_Studio_Logo.png, id=151, 405.515pt x 256.96pt>
File: Imagenes/Bitmap/02/Android_Studio_Logo.png Graphic file (type png)
<use Imagenes/Bitmap/02/Android_Studio_Logo.png>
Package pdftex.def Info: Imagenes/Bitmap/02/Android_Studio_Logo.png  used on in
put line 118.
(pdftex.def)             Requested size: 216.0022pt x 136.8743pt.
<Imagenes/Bitmap/02/ZXing_Logo.png, id=152, 491.8375pt x 285.065pt>
File: Imagenes/Bitmap/02/ZXing_Logo.png Graphic file (type png)
<use Imagenes/Bitmap/02/ZXing_Logo.png>
Package pdftex.def Info: Imagenes/Bitmap/02/ZXing_Logo.png  used on input line 
145.
(pdftex.def)             Requested size: 216.0022pt x 125.19409pt.
LaTeX Info: Redefining \. on input line 158.
LaTeX Info: Redefining \% on input line 158.

[5 <E:/Pablo Universidad/TFG/Memoria/Imagenes/Bitmap/02/Android_Studio_Logo.png
> <E:/Pablo Universidad/TFG/Memoria/Imagenes/Bitmap/02/ZXing_Logo.png>]
<Imagenes/Bitmap/02/Wii_U.png, id=162, 635.976pt x 413.3844pt>
File: Imagenes/Bitmap/02/Wii_U.png Graphic file (type png)
<use Imagenes/Bitmap/02/Wii_U.png>
Package pdftex.def Info: Imagenes/Bitmap/02/Wii_U.png  used on input line 167.
(pdftex.def)             Requested size: 99.58464pt x 64.72992pt.
<Imagenes/Bitmap/02/Joystick.png, id=163, 942.52126pt x 1085.05376pt>
File: Imagenes/Bitmap/02/Joystick.png Graphic file (type png)
<use Imagenes/Bitmap/02/Joystick.png>
Package pdftex.def Info: Imagenes/Bitmap/02/Joystick.png  used on input line 17
9.
(pdftex.def)             Requested size: 85.35826pt x 98.26321pt.
LaTeX Info: Redefining \. on input line 191.
LaTeX Info: Redefining \% on input line 191.

[6 <E:/Pablo Universidad/TFG/Memoria/Imagenes/Bitmap/02/Wii_U.png> <E:/Pablo Un
iversidad/TFG/Memoria/Imagenes/Bitmap/02/Joystick.png>]
<Imagenes/Bitmap/02/Logo_PlayLink_for_PS4.png, id=172, 2007.5pt x 578.16pt>
File: Imagenes/Bitmap/02/Logo_PlayLink_for_PS4.png Graphic file (type png)
<use Imagenes/Bitmap/02/Logo_PlayLink_for_PS4.png>
Package pdftex.def Info: Imagenes/Bitmap/02/Logo_PlayLink_for_PS4.png  used on 
input line 198.
(pdftex.def)             Requested size: 360.0pt x 103.67613pt.
)
LaTeX Info: Redefining \. on input line 165.
LaTeX Info: Redefining \% on input line 165.
 [7 <E:/Pablo Universidad/TFG/Memoria/Imagenes/Bitmap/02/Logo_PlayLink_for_PS4.
png>]
\openout2 = `Capitulos/03ObjetivosYEspecificacion.aux'.


("E:/Pablo Universidad/TFG/Memoria\Capitulos/03ObjetivosYEspecificacion.tex"
[8



]
Cap\'itulo 3.
[9]
Overfull \hbox (2.86806pt too wide) in paragraph at lines 99--100
[] \T1/cmr/bx/n/10.95 Reunión Pre-Navidad (19/12/2018). \T1/cmr/m/n/10.95 El ob
-je-ti-vo pa-ra es-ta reunión
 []

LaTeX Info: Redefining \. on input line 102.
LaTeX Info: Redefining \% on input line 102.
[10]
<Imagenes/Bitmap/03/Scrum.png, id=201, 770.88pt x 306.39468pt>
File: Imagenes/Bitmap/03/Scrum.png Graphic file (type png)
<use Imagenes/Bitmap/03/Scrum.png>
Package pdftex.def Info: Imagenes/Bitmap/03/Scrum.png  used on input line 119.
(pdftex.def)             Requested size: 360.0pt x 143.0845pt.

Underfull \hbox (badness 10000) in paragraph at lines 133--134

 []

<Imagenes/Bitmap/03/Miktex.png, id=202, 401.5pt x 401.5pt>
File: Imagenes/Bitmap/03/Miktex.png Graphic file (type png)
<use Imagenes/Bitmap/03/Miktex.png>
Package pdftex.def Info: Imagenes/Bitmap/03/Miktex.png  used on input line 138.

(pdftex.def)             Requested size: 99.58464pt x 99.58444pt.

Overfull \hbox (18.58174pt too wide) in paragraph at lines 136--140
 [] 
 []

LaTeX Info: Redefining \. on input line 140.
LaTeX Info: Redefining \% on input line 140.
[11 <E:/Pablo Universidad/TFG/Memoria/Imagenes/Bitmap/03/Scrum.png>]
Underfull \hbox (badness 10000) in paragraph at lines 142--143

 []

<Imagenes/Bitmap/03/Github.png, id=213, 562.1pt x 562.1pt>
File: Imagenes/Bitmap/03/Github.png Graphic file (type png)
<use Imagenes/Bitmap/03/Github.png>
Package pdftex.def Info: Imagenes/Bitmap/03/Github.png  used on input line 147.

(pdftex.def)             Requested size: 99.58464pt x 99.57832pt.

Overfull \hbox (18.58174pt too wide) in paragraph at lines 145--149
 [] 
 []

)
LaTeX Info: Redefining \. on input line 166.
LaTeX Info: Redefining \% on input line 166.
 [12 <E:/Pablo Universidad/TFG/Memoria/Imagenes/Bitmap/03/Miktex.png> <E:/Pablo
 Universidad/TFG/Memoria/Imagenes/Bitmap/03/Github.png>]